<?xml version="1.0" encoding="UTF-8"?>
<testng-results skipped="0" failed="1" ignored="0" total="1" passed="0">
  <reporter-output>
  </reporter-output>
  <suite name="Default suite" duration-ms="18141" started-at="2018-08-09T17:47:43Z" finished-at="2018-08-09T17:48:02Z">
    <groups>
    </groups>
    <test name="Default test" duration-ms="18141" started-at="2018-08-09T17:47:43Z" finished-at="2018-08-09T17:48:02Z">
      <class name="com.crm.qa.testcases.SelectDropdownListTest">
        <test-method status="PASS" signature="setUp()[pri:0, instance:com.crm.qa.testcases.SelectDropdownListTest@e720b71]" name="setUp" is-config="true" duration-ms="18011" started-at="2018-08-09T17:47:44Z" finished-at="2018-08-09T17:48:02Z">
          <reporter-output>
          </reporter-output>
        </test-method> <!-- setUp -->
        <test-method status="FAIL" signature="selectValuesFromSingle()[pri:0, instance:com.crm.qa.testcases.SelectDropdownListTest@e720b71]" name="selectValuesFromSingle" duration-ms="29" started-at="2018-08-09T17:48:02Z" finished-at="2018-08-09T17:48:02Z">
          <exception class="java.lang.NullPointerException">
            <full-stacktrace>
              <![CDATA[java.lang.NullPointerException
at org.openqa.selenium.support.ui.Select.<init>(Select.java:44)
at com.crm.qa.pages.SelectDropdownList.chooseValueOne(SelectDropdownList.java:26)
at com.crm.qa.testcases.SelectDropdownListTest.selectValuesFromSingle(SelectDropdownListTest.java:51)
at sun.reflect.NativeMethodAccessorImpl.invoke0(Native Method)
at sun.reflect.NativeMethodAccessorImpl.invoke(Unknown Source)
at sun.reflect.DelegatingMethodAccessorImpl.invoke(Unknown Source)
at java.lang.reflect.Method.invoke(Unknown Source)
at org.testng.internal.MethodInvocationHelper.invokeMethod(MethodInvocationHelper.java:124)
at org.testng.internal.Invoker.invokeMethod(Invoker.java:583)
at org.testng.internal.Invoker.invokeTestMethod(Invoker.java:719)
at org.testng.internal.Invoker.invokeTestMethods(Invoker.java:989)
at org.testng.internal.TestMethodWorker.invokeTestMethods(TestMethodWorker.java:125)
at org.testng.internal.TestMethodWorker.run(TestMethodWorker.java:109)
at org.testng.TestRunner.privateRun(TestRunner.java:648)
at org.testng.TestRunner.run(TestRunner.java:505)
at org.testng.SuiteRunner.runTest(SuiteRunner.java:455)
at org.testng.SuiteRunner.runSequentially(SuiteRunner.java:450)
at org.testng.SuiteRunner.privateRun(SuiteRunner.java:415)
at org.testng.SuiteRunner.run(SuiteRunner.java:364)
at org.testng.SuiteRunnerWorker.runSuite(SuiteRunnerWorker.java:52)
at org.testng.SuiteRunnerWorker.run(SuiteRunnerWorker.java:84)
at org.testng.TestNG.runSuitesSequentially(TestNG.java:1208)
at org.testng.TestNG.runSuitesLocally(TestNG.java:1137)
at org.testng.TestNG.runSuites(TestNG.java:1049)
at org.testng.TestNG.run(TestNG.java:1017)
at org.testng.remote.AbstractRemoteTestNG.run(AbstractRemoteTestNG.java:114)
at org.testng.remote.RemoteTestNG.initAndRun(RemoteTestNG.java:251)
at org.testng.remote.RemoteTestNG.main(RemoteTestNG.java:77)
]]>
            </full-stacktrace>
          </exception> <!-- java.lang.NullPointerException -->
          <reporter-output>
          </reporter-output>
        </test-method> <!-- selectValuesFromSingle -->
        <test-method status="PASS" signature="tearDown()[pri:0, instance:com.crm.qa.testcases.SelectDropdownListTest@e720b71]" name="tearDown" is-config="true" duration-ms="74" started-at="2018-08-09T17:48:02Z" finished-at="2018-08-09T17:48:02Z">
          <reporter-output>
          </reporter-output>
        </test-method> <!-- tearDown -->
      </class> <!-- com.crm.qa.testcases.SelectDropdownListTest -->
    </test> <!-- Default test -->
  </suite> <!-- Default suite -->
</testng-results>
